TN:
SF:C:\Users\daniel.martins\Documents\projetos\node-study\nest-framework\src\app.controller.ts
FN:6,(anonymous_2)
FN:9,(anonymous_3)
FNF:2
FNH:2
FNDA:1,(anonymous_2)
FNDA:1,(anonymous_3)
DA:1,1
DA:2,1
DA:5,1
DA:6,1
DA:9,1
DA:10,1
LF:6
LH:6
BRF:0
BRH:0
end_of_record
TN:
SF:C:\Users\daniel.martins\Documents\projetos\node-study\nest-framework\src\app.service.ts
FN:5,(anonymous_1)
FNF:1
FNH:1
FNDA:1,(anonymous_1)
DA:1,1
DA:4,1
DA:6,1
LF:3
LH:3
BRF:0
BRH:0
end_of_record
TN:
SF:C:\Users\daniel.martins\Documents\projetos\node-study\nest-framework\src\res1\res1.controller.ts
FN:7,(anonymous_4)
FN:10,(anonymous_5)
FN:19,(anonymous_6)
FN:27,(anonymous_7)
FNF:4
FNH:1
FNDA:1,(anonymous_4)
FNDA:0,(anonymous_5)
FNDA:0,(anonymous_6)
FNDA:0,(anonymous_7)
DA:1,1
DA:2,1
DA:5,1
DA:7,1
DA:10,1
DA:11,0
DA:19,1
DA:20,0
DA:27,1
DA:28,0
LF:10
LH:7
BRF:0
BRH:0
end_of_record
TN:
SF:C:\Users\daniel.martins\Documents\projetos\node-study\nest-framework\src\res1\res1.service.ts
FN:5,(anonymous_1)
FNF:1
FNH:0
FNDA:0,(anonymous_1)
DA:1,2
DA:4,2
DA:6,0
LF:3
LH:2
BRF:0
BRH:0
end_of_record
